[17:52:03] [ServerMain/INFO]: [bootstrap] Running Java 21 (OpenJDK 64-Bit Server VM 21.0.5+11-Ubuntu-1ubuntu120.04; Ubuntu null) on Linux 6.5.0-1025-azure (amd64)
[17:52:03] [ServerMain/INFO]: [bootstrap] Loading Paper 1.21.1-57-master@b483da4 (2024-09-01T18:09:05Z) for Minecraft 1.21.1
[17:52:03] [ServerMain/INFO]: [PluginInitializerManager] Initializing plugins...
[17:52:03] [ServerMain/INFO]: [PluginInitializerManager] Initialized 0 plugins
[17:52:04] [Paper Plugin Remapper Thread - 0/INFO]: [ReobfServer] Remapping server...
[17:52:09] [ServerMain/INFO]: Environment: Environment[sessionHost=https://sessionserver.mojang.com, servicesHost=https://api.minecraftservices.com, name=PROD]
[17:52:09] [ServerMain/INFO]: Found new data pack file/bukkit, loading it automatically
[17:52:09] [ServerMain/INFO]: Found new data pack paper, loading it automatically
[17:52:11] [ServerMain/INFO]: No existing world data, creating new world
[17:52:12] [ServerMain/INFO]: Loaded 1290 recipes
[17:52:13] [ServerMain/INFO]: Loaded 1399 advancements
[17:52:13] [Paper Plugin Remapper Thread - 0/INFO]: [ReobfServer] Done remapping server in 8827ms.
[17:52:13] [Server thread/INFO]: Starting minecraft server version 1.21.1
[17:52:13] [Server thread/INFO]: Loading properties
[17:52:13] [Server thread/INFO]: This server is running Paper version 1.21.1-57-master@b483da4 (2024-09-01T18:09:05Z) (Implementing API version 1.21.1-R0.1-SNAPSHOT)
[17:52:14] [Server thread/INFO]: [spark] This server bundles the spark profiler. For more information please visit https://docs.papermc.io/paper/profiling
[17:52:14] [Server thread/INFO]: Server Ping Player Sample Count: 12
[17:52:14] [Server thread/INFO]: Using 4 threads for Netty based IO
[17:52:14] [Server thread/INFO]: [ChunkTaskScheduler] Chunk system is using 1 I/O threads, 1 worker threads, and population gen parallelism of 1 threads
[17:52:15] [Server thread/INFO]: Default game type: SURVIVAL
[17:52:15] [Server thread/INFO]: Generating keypair
[17:52:15] [Server thread/INFO]: Starting Minecraft server on *:25565
[17:52:15] [Server thread/INFO]: Using epoll channel type
[17:52:15] [Server thread/INFO]: Paper: Using libdeflate (Linux x86_64) compression from Velocity.
[17:52:15] [Server thread/INFO]: Paper: Using OpenSSL 1.1.x (Linux x86_64) cipher from Velocity.
[17:52:15] [Server thread/WARN]: **** SERVER IS RUNNING IN OFFLINE/INSECURE MODE!
[17:52:15] [Server thread/WARN]: The server will make no attempt to authenticate usernames. Beware.
[17:52:15] [Server thread/WARN]: While this makes the game possible to play without internet access, it also opens up the ability for hackers to connect with any username they choose.
[17:52:15] [Server thread/WARN]: To change this, set "online-mode" to "true" in the server.properties file.
[17:52:15] [Server thread/INFO]: Preparing level "world"
[17:52:25] [Server thread/INFO]: Preparing start region for dimension minecraft:overworld
[17:52:33] [Server thread/INFO]: Time elapsed: 7166 ms
[17:52:33] [Server thread/INFO]: Preparing start region for dimension minecraft:the_nether
[17:52:35] [Server thread/INFO]: Time elapsed: 1958 ms
[17:52:35] [Server thread/INFO]: Preparing start region for dimension minecraft:the_end
[17:52:35] [Server thread/INFO]: Time elapsed: 490 ms
[17:52:35] [Server thread/INFO]: [spark] Starting background profiler...
[17:52:35] [Server thread/INFO]: Done preparing level "world" (20.538s)
[17:52:35] [Server thread/INFO]: Running delayed init tasks
[17:52:35] [Server thread/INFO]: Done (33.345s)! For help, type "help"
[17:52:35] [Server thread/INFO]: *************************************************************************************
[17:52:35] [Server thread/INFO]: This is the first time you're starting this server.
[17:52:35] [Server thread/INFO]: It's recommended you read our 'Getting Started' documentation for guidance.
[17:52:35] [Server thread/INFO]: View this and more helpful information here: https://docs.papermc.io/paper/next-steps
[17:52:35] [Server thread/INFO]: *************************************************************************************
[17:52:35] [Server thread/INFO]: Timings Reset
[17:53:11] [User Authenticator #0/INFO]: UUID of player MarTruiX is 7abd581d-bd50-30ff-9f64-30315d7635ae
[17:53:13] [Server thread/INFO]: MarTruiX joined the game
[17:53:13] [Server thread/INFO]: MarTruiX[/[0:0:0:0:0:0:0:1%0]:35274] logged in with entity id 84 at ([world]265.5, 66.0, -618.5)
[17:53:24] [Server thread/INFO]: Made MarTruiX a server operator
[17:54:21] [Server thread/INFO]: Stopping server
[17:54:21] [Server thread/INFO]: Saving players
[17:54:21] [Server thread/INFO]: MarTruiX lost connection: Server closed
[17:54:21] [Server thread/INFO]: MarTruiX left the game
[17:54:22] [Server thread/INFO]: Saving worlds
[17:54:22] [Server thread/INFO]: Saving chunks for level 'ServerLevel[world]'/minecraft:overworld
[17:54:22] [Server thread/INFO]: [ChunkHolderManager] Waiting 60s for chunk system to halt for world 'world'
[17:54:22] [Server thread/INFO]: [ChunkHolderManager] Halted chunk system for world 'world'
[17:54:22] [Server thread/INFO]: [ChunkHolderManager] Saving all chunkholders for world 'world'
[17:54:23] [Server thread/INFO]: [ChunkHolderManager] Saved 2187 block chunks, 774 entity chunks, 8 poi chunks in world 'world' in 1.83s
[17:54:23] [Server thread/INFO]: Saving chunks for level 'ServerLevel[world_nether]'/minecraft:the_nether
[17:54:23] [Server thread/INFO]: [ChunkHolderManager] Waiting 60s for chunk system to halt for world 'world_nether'
[17:54:23] [Server thread/INFO]: [ChunkHolderManager] Halted chunk system for world 'world_nether'
[17:54:23] [Server thread/INFO]: [ChunkHolderManager] Saving all chunkholders for world 'world_nether'
[17:54:24] [Server thread/INFO]: [ChunkHolderManager] Saved 841 block chunks, 49 entity chunks, 0 poi chunks in world 'world_nether' in 0.42s
[17:54:24] [Server thread/INFO]: Saving chunks for level 'ServerLevel[world_the_end]'/minecraft:the_end
[17:54:24] [Server thread/INFO]: [ChunkHolderManager] Waiting 60s for chunk system to halt for world 'world_the_end'
[17:54:24] [Server thread/INFO]: [ChunkHolderManager] Halted chunk system for world 'world_the_end'
[17:54:24] [Server thread/INFO]: [ChunkHolderManager] Saving all chunkholders for world 'world_the_end'
[17:54:24] [Server thread/INFO]: [ChunkHolderManager] Saved 841 block chunks, 49 entity chunks, 0 poi chunks in world 'world_the_end' in 0.31s
[17:54:24] [Server thread/INFO]: ThreadedAnvilChunkStorage (world): All chunks are saved
[17:54:24] [Server thread/INFO]: ThreadedAnvilChunkStorage (DIM-1): All chunks are saved
[17:54:24] [Server thread/INFO]: ThreadedAnvilChunkStorage (DIM1): All chunks are saved
[17:54:24] [Server thread/INFO]: ThreadedAnvilChunkStorage: All dimensions are saved
